-------------------------------------------------------------------------------
Test set: Scenario: Gmail sign in using Incorrect userdetails
-------------------------------------------------------------------------------
Tests run: 14, Failures: 2, Errors: 0, Skipped: 0, Time elapsed: 67.446 sec <<< FAILURE! - in Scenario: Gmail sign in using Incorrect userdetails
Then I should be able to see error message and not logged-in(Scenario: Gmail sign in using Incorrect userdetails)  Time elapsed: 0.004 sec  <<< FAILURE!
java.lang.AssertionError: expected [The email and password you entered don't] but found [The email and password you entered don't match.]
	at org.testng.Assert.fail(Assert.java:94)
	at org.testng.Assert.failNotEquals(Assert.java:494)
	at org.testng.Assert.assertEquals(Assert.java:123)
	at org.testng.Assert.assertEquals(Assert.java:176)
	at org.testng.Assert.assertEquals(Assert.java:186)
	at stepsDefinations.GoogleStepDefination.i_should_be_able_to_see_error_message_and_not_logged_in(GoogleStepDefination.java:115)
	at ?.Then I should be able to see error message and not logged-in(features/Google.feature:20)

Scenario: Gmail sign in using Incorrect userdetails  Time elapsed: 0.004 sec  <<< FAILURE!
java.lang.AssertionError: expected [The email and password you entered don't] but found [The email and password you entered don't match.]
	at org.testng.Assert.fail(Assert.java:94)
	at org.testng.Assert.failNotEquals(Assert.java:494)
	at org.testng.Assert.assertEquals(Assert.java:123)
	at org.testng.Assert.assertEquals(Assert.java:176)
	at org.testng.Assert.assertEquals(Assert.java:186)
	at stepsDefinations.GoogleStepDefination.i_should_be_able_to_see_error_message_and_not_logged_in(GoogleStepDefination.java:115)
	at ?.Then I should be able to see error message and not logged-in(features/Google.feature:20)

