<?xml version="1.0" encoding="UTF-8"?>
<testsuite name="Scenario: Gmail sign in using Incorrect userdetails" time="4.723" tests="14" errors="0" skipped="0" failures="2">
  <properties>
    <property name="java.runtime.name" value="Java(TM) SE Runtime Environment"/>
    <property name="cucumber.options" value="--tags @Smoke"/>
    <property name="sun.boot.library.path" value="C:\Program Files\Java\jdk1.7.0_79\jre\bin"/>
    <property name="java.vm.version" value="24.79-b02"/>
    <property name="browser" value="chrome"/>
    <property name="java.vm.vendor" value="Oracle Corporation"/>
    <property name="maven.multiModuleProjectDirectory" value="C:\CucumberBrowserEnvironment\Cucumber-JVM"/>
    <property name="java.vendor.url" value="http://java.oracle.com/"/>
    <property name="path.separator" value=";"/>
    <property name="guice.disable.misplaced.annotation.check" value="true"/>
    <property name="java.vm.name" value="Java HotSpot(TM) 64-Bit Server VM"/>
    <property name="file.encoding.pkg" value="sun.io"/>
    <property name="user.script" value=""/>
    <property name="env" value="google"/>
    <property name="user.country" value="US"/>
    <property name="sun.java.launcher" value="SUN_STANDARD"/>
    <property name="sun.os.patch.level" value="Service Pack 1"/>
    <property name="java.vm.specification.name" value="Java Virtual Machine Specification"/>
    <property name="user.dir" value="C:\CucumberBrowserEnvironment\Cucumber-JVM"/>
    <property name="java.runtime.version" value="1.7.0_79-b15"/>
    <property name="java.awt.graphicsenv" value="sun.awt.Win32GraphicsEnvironment"/>
    <property name="java.endorsed.dirs" value="C:\Program Files\Java\jdk1.7.0_79\jre\lib\endorsed"/>
    <property name="os.arch" value="amd64"/>
    <property name="java.io.tmpdir" value="C:\Users\RAVIND~1.KUM\AppData\Local\Temp\"/>
    <property name="line.separator" value="&#10;"/>
    <property name="java.vm.specification.vendor" value="Oracle Corporation"/>
    <property name="user.variant" value=""/>
    <property name="os.name" value="Windows 7"/>
    <property name="classworlds.conf" value="C:\apache-maven-3.3.9\bin\m2.conf"/>
    <property name="sun.jnu.encoding" value="Cp1252"/>
    <property name="java.library.path" value="C:\Program Files\Java\jdk1.7.0_79\bin;C:\Windows\Sun\Java\bin;C:\Windows\system32;C:\Windows;C:\Windows\system32;C:\Windows;C:\Windows\System32\Wbem;C:\Windows\System32\WindowsPowerShell\v1.0\;C:\Program Files\Java\jdk1.7.0_79\bin;C:\Program Files\Git\cmd;C:\Program Files\TortoiseGit\bin;C:\Program Files (x86)\Skype\Phone\;C:\apache-maven-3.3.9\bin;C:\Program Files\Java\jre7\bin;C:\JAVA_PROJECTS\Demo\Libs\chromedriver.exe;C:\JAVA_PROJECTS\Demo\Libs\IEDriverServer.exe;."/>
    <property name="java.specification.name" value="Java Platform API Specification"/>
    <property name="java.class.version" value="51.0"/>
    <property name="sun.management.compiler" value="HotSpot 64-Bit Tiered Compilers"/>
    <property name="os.version" value="6.1"/>
    <property name="user.home" value="C:\Users\ravinder.kumar"/>
    <property name="user.timezone" value="Asia/Calcutta"/>
    <property name="java.awt.printerjob" value="sun.awt.windows.WPrinterJob"/>
    <property name="java.specification.version" value="1.7"/>
    <property name="file.encoding" value="Cp1252"/>
    <property name="user.name" value="ravinder.kumar"/>
    <property name="java.class.path" value="C:\apache-maven-3.3.9\boot\plexus-classworlds-2.5.2.jar"/>
    <property name="java.vm.specification.version" value="1.7"/>
    <property name="sun.arch.data.model" value="64"/>
    <property name="java.home" value="C:\Program Files\Java\jdk1.7.0_79\jre"/>
    <property name="sun.java.command" value="org.codehaus.plexus.classworlds.launcher.Launcher clean verify -Dcucumber.options=--tags @Smoke -Dbrowser=chrome -Denv=google"/>
    <property name="java.specification.vendor" value="Oracle Corporation"/>
    <property name="user.language" value="en"/>
    <property name="awt.toolkit" value="sun.awt.windows.WToolkit"/>
    <property name="java.vm.info" value="mixed mode"/>
    <property name="java.version" value="1.7.0_79"/>
    <property name="java.ext.dirs" value="C:\Program Files\Java\jdk1.7.0_79\jre\lib\ext;C:\Windows\Sun\Java\lib\ext"/>
    <property name="sun.boot.class.path" value="C:\Program Files\Java\jdk1.7.0_79\jre\lib\resources.jar;C:\Program Files\Java\jdk1.7.0_79\jre\lib\rt.jar;C:\Program Files\Java\jdk1.7.0_79\jre\lib\sunrsasign.jar;C:\Program Files\Java\jdk1.7.0_79\jre\lib\jsse.jar;C:\Program Files\Java\jdk1.7.0_79\jre\lib\jce.jar;C:\Program Files\Java\jdk1.7.0_79\jre\lib\charsets.jar;C:\Program Files\Java\jdk1.7.0_79\jre\lib\jfr.jar;C:\Program Files\Java\jdk1.7.0_79\jre\classes"/>
    <property name="java.vendor" value="Oracle Corporation"/>
    <property name="maven.home" value="C:\apache-maven-3.3.9"/>
    <property name="file.separator" value="\"/>
    <property name="java.vendor.url.bug" value="http://bugreport.sun.com/bugreport/"/>
    <property name="sun.cpu.endian" value="little"/>
    <property name="sun.io.unicode.encoding" value="UnicodeLittle"/>
    <property name="sun.desktop" value="windows"/>
    <property name="sun.cpu.isalist" value="amd64"/>
  </properties>
  <testcase name="Given I am in google home page" classname="Scenario: Text Search through Google Search" time="0.002"/>
  <testcase name="When I search text in google search box" classname="Scenario: Text Search through Google Search" time="0"/>
  <testcase name="Then I should able to see the searched result" classname="Scenario: Text Search through Google Search" time="0"/>
  <testcase name="Scenario: Text Search through Google Search" classname="Scenario: Text Search through Google Search" time="2.356"/>
  <testcase name="Given I am in google home page" classname="Scenario: Gmail sign in using correct userdetails" time="0"/>
  <testcase name="When I click on Gmail link" classname="Scenario: Gmail sign in using correct userdetails" time="0"/>
  <testcase name="And I have enter correct username and password in sign-in page" classname="Scenario: Gmail sign in using correct userdetails" time="0"/>
  <testcase name="Then I should be able to logged-in successfully" classname="Scenario: Gmail sign in using correct userdetails" time="0"/>
  <testcase name="Scenario: Gmail sign in using correct userdetails" classname="Scenario: Gmail sign in using correct userdetails" time="2.357"/>
  <testcase name="Given I am in google home page" classname="Scenario: Gmail sign in using Incorrect userdetails" time="0"/>
  <testcase name="When I click on Gmail link" classname="Scenario: Gmail sign in using Incorrect userdetails" time="0"/>
  <testcase name="And I have enter incorrect username and password" classname="Scenario: Gmail sign in using Incorrect userdetails" time="0"/>
  <testcase name="Then I should be able to see error message and not logged-in" classname="Scenario: Gmail sign in using Incorrect userdetails" time="0.004">
    <failure message="expected [The email and password you entered don&apos;t] but found [The email and password you entered don&apos;t match.]" type="java.lang.AssertionError">java.lang.AssertionError: expected [The email and password you entered don't] but found [The email and password you entered don't match.]
	at org.testng.Assert.fail(Assert.java:94)
	at org.testng.Assert.failNotEquals(Assert.java:494)
	at org.testng.Assert.assertEquals(Assert.java:123)
	at org.testng.Assert.assertEquals(Assert.java:176)
	at org.testng.Assert.assertEquals(Assert.java:186)
	at stepsDefinations.GoogleStepDefination.i_should_be_able_to_see_error_message_and_not_logged_in(GoogleStepDefination.java:115)
	at ✽.Then I should be able to see error message and not logged-in(features/Google.feature:20)
</failure>
  </testcase>
  <testcase name="Scenario: Gmail sign in using Incorrect userdetails" classname="Scenario: Gmail sign in using Incorrect userdetails" time="0.004">
    <failure message="expected [The email and password you entered don&apos;t] but found [The email and password you entered don&apos;t match.]" type="java.lang.AssertionError">java.lang.AssertionError: expected [The email and password you entered don't] but found [The email and password you entered don't match.]
	at org.testng.Assert.fail(Assert.java:94)
	at org.testng.Assert.failNotEquals(Assert.java:494)
	at org.testng.Assert.assertEquals(Assert.java:123)
	at org.testng.Assert.assertEquals(Assert.java:176)
	at org.testng.Assert.assertEquals(Assert.java:186)
	at stepsDefinations.GoogleStepDefination.i_should_be_able_to_see_error_message_and_not_logged_in(GoogleStepDefination.java:115)
	at ✽.Then I should be able to see error message and not logged-in(features/Google.feature:20)
</failure>
  </testcase>
</testsuite>